<?xml version="1.0" encoding="UTF-8"?>
<!-- Generated by org.testng.reporters.JUnitReportReporter -->
<testsuite hostname="DESKTOP-IDVLP9L" failures="0" tests="1" name="testCases.testCase1" time="36.761" errors="0" timestamp="2024-07-12T16:17:34 IST" skipped="0">
  <testcase classname="testCases.testCase1" name="check" time="36.761"/>
  <system-out/>
</testsuite> <!-- testCases.testCase1 -->
