<?xml version="1.0" encoding="UTF-8"?>
<!-- Generated by org.testng.reporters.JUnitReportReporter -->
<testsuite hostname="DESKTOP-IDVLP9L" failures="0" tests="1" name="testCases.TC002_LoginTest" time="1.923" errors="0" timestamp="2024-08-17T14:29:01 IST" skipped="0">
  <testcase classname="testCases.TC002_LoginTest" name="LoginPage" time="1.923"/>
  <system-out/>
</testsuite> <!-- testCases.TC002_LoginTest -->
