<?xml version="1.0" encoding="UTF-8"?>
<!-- Generated by org.testng.reporters.JUnitReportReporter -->
<testsuite hostname="DESKTOP-IDVLP9L" failures="0" tests="1" name="testCases.TC002_LoginTest" time="2.489" errors="0" timestamp="2024-08-17T16:54:49 IST" skipped="0">
  <testcase classname="testCases.TC002_LoginTest" name="LoginPage" time="2.489"/>
</testsuite> <!-- testCases.TC002_LoginTest -->
