<?xml version="1.0" encoding="UTF-8"?>
<!-- Generated by org.testng.reporters.JUnitReportReporter -->
<testsuite hostname="DESKTOP-IDVLP9L" failures="0" tests="1" name="testCases.TC_001_AccountRegistrationTest" time="4.183" errors="0" timestamp="2024-08-24T16:05:29 IST" skipped="0">
  <testcase classname="testCases.TC_001_AccountRegistrationTest" name="verify_account_registration" time="4.183"/>
</testsuite> <!-- testCases.TC_001_AccountRegistrationTest -->
